\BOOKMARK [1][-]{section.1}{\376\377\225\356\230\230\200\314\146\157}{}% 1
\BOOKMARK [1][-]{section.2}{\376\377\171\076\116\244\177\121\176\334\145\160\143\156\166\204\203\267\123\326\123\312\123\357\211\306\123\026}{}% 2
\BOOKMARK [2][-]{subsection.2.1}{\376\377\162\054\123\326\145\160\143\156}{section.2}% 3
\BOOKMARK [2][-]{subsection.2.2}{\376\377\121\167\117\123\217\307\172\013}{section.2}% 4
\BOOKMARK [2][-]{subsection.2.3}{\376\377\171\076\116\244\177\121\176\334\123\357\211\306\123\026}{section.2}% 5
\BOOKMARK [3][-]{subsubsection.2.3.1}{\376\377\220\032\217\307\000N\000e\000t\000D\000r\000a\000w\123\357\211\306\123\026\171\076\116\244\177\121\176\334}{subsection.2.3}% 6
\BOOKMARK [3][-]{subsubsection.2.3.2}{\376\377\220\032\217\307\000D\0003\123\357\211\306\123\026\171\076\116\244\177\121\176\334}{subsection.2.3}% 7
\BOOKMARK [1][-]{section.3}{\376\377\177\121\176\334\176\323\147\204\122\006\147\220}{}% 8
\BOOKMARK [2][-]{subsection.3.1}{\376\377\177\121\176\334\211\304\152\041}{section.3}% 9
\BOOKMARK [2][-]{subsection.3.2}{\376\377\177\121\176\334\133\306\136\246}{section.3}% 10
\BOOKMARK [2][-]{subsection.3.3}{\376\377\177\121\176\334\136\163\127\107\136\246}{section.3}% 11
\BOOKMARK [2][-]{subsection.3.4}{\376\377\136\163\127\107\215\357\137\204\225\177\136\246}{section.3}% 12
\BOOKMARK [2][-]{subsection.3.5}{\376\377\217\336\220\032\140\047\122\006\147\220}{section.3}% 13
\BOOKMARK [2][-]{subsection.3.6}{\376\377\177\121\176\334\166\204\136\246\122\006\136\003}{section.3}% 14
\BOOKMARK [3][-]{subsubsection.3.6.1}{\376\377\116\044\171\315\122\006\136\003\146\362\176\277}{subsection.3.6}% 15
\BOOKMARK [3][-]{subsubsection.3.6.2}{\376\377\213\345\171\076\116\244\177\121\176\334\166\204\136\246\122\006\136\003}{subsection.3.6}% 16
\BOOKMARK [2][-]{subsection.3.7}{\376\377\134\017\116\026\165\114\162\171\140\047\122\006\147\220}{section.3}% 17
\BOOKMARK [3][-]{subsubsection.3.7.1}{\376\377\134\017\116\026\165\114\124\053\116\111}{subsection.3.7}% 18
\BOOKMARK [3][-]{subsubsection.3.7.2}{\376\377\134\017\116\026\165\114\140\047\215\050}{subsection.3.7}% 19
\BOOKMARK [3][-]{subsubsection.3.7.3}{\376\377\162\171\140\047\122\006\147\220}{subsection.3.7}% 20
\BOOKMARK [1][-]{section.4}{\376\377\177\121\176\334\202\202\160\271\166\204\116\055\137\303\140\047\122\006\147\220}{}% 21
\BOOKMARK [2][-]{subsection.4.1}{\376\377\136\246\116\055\137\303\140\047}{section.4}% 22
\BOOKMARK [2][-]{subsection.4.2}{\376\377\116\313\145\160\116\055\137\303\140\047}{section.4}% 23
\BOOKMARK [2][-]{subsection.4.3}{\376\377\143\245\217\321\116\055\137\303\140\047}{section.4}% 24
\BOOKMARK [2][-]{subsection.4.4}{\376\377\116\055\137\303\140\047\141\017\116\111\122\006\147\220}{section.4}% 25
\BOOKMARK [1][-]{section.5}{\376\377\127\372\116\216\000P\000a\000g\000e\000R\000a\000n\000k\173\227\154\325\166\204\171\076\116\244\177\121\176\334\122\006\147\220}{}% 26
\BOOKMARK [2][-]{subsection.5.1}{\376\377\127\372\147\054\120\107\213\276}{section.5}% 27
\BOOKMARK [2][-]{subsection.5.2}{\376\377\173\227\154\325\123\237\164\006}{section.5}% 28
\BOOKMARK [2][-]{subsection.5.3}{\376\377\133\236\117\213\122\006\147\220}{section.5}% 29
\BOOKMARK [2][-]{subsection.5.4}{\376\377\000P\000a\000g\000e\000R\000a\000n\000k\173\227\154\325\127\050\167\345\116\116\131\047\000V\171\076\116\244\177\121\176\334\122\006\147\220\116\055\166\204\217\320\165\050}{section.5}% 30
\BOOKMARK [1][-]{section.6}{\376\377\000P\000a\000g\000e\000R\000a\000n\000k\116\016\121\166\116\326\116\055\137\303\140\047\136\246\221\317\166\204\153\324\217\203}{}% 31
\BOOKMARK [1][-]{section.7}{\376\377\145\160\143\156\122\006\147\220}{}% 32
